{"C:\\github\\blackout-screens\\main.js": {"path":"C:\\github\\blackout-screens\\main.js","statementMap":{"0":{"start":{"line":1,"column":48},"end":{"line":1,"column":67}},"1":{"start":{"line":2,"column":13},"end":{"line":2,"column":28}},"2":{"start":{"line":6,"column":2},"end":{"line":6,"column":52}},"3":{"start":{"line":7,"column":2},"end":{"line":7,"column":59}},"4":{"start":{"line":8,"column":2},"end":{"line":8,"column":62}},"5":{"start":{"line":9,"column":2},"end":{"line":9,"column":59}},"6":{"start":{"line":13,"column":14},"end":{"line":13,"column":16}},"7":{"start":{"line":14,"column":21},"end":{"line":14,"column":25}},"8":{"start":{"line":17,"column":2},"end":{"line":17,"column":13}},"9":{"start":{"line":19,"column":19},"end":{"line":19,"column":42}},"10":{"start":{"line":20,"column":2},"end":{"line":20,"column":50}},"11":{"start":{"line":22,"column":2},"end":{"line":71,"column":5}},"12":{"start":{"line":23,"column":4},"end":{"line":23,"column":56}},"13":{"start":{"line":24,"column":16},"end":{"line":35,"column":6}},"14":{"start":{"line":37,"column":4},"end":{"line":37,"column":41}},"15":{"start":{"line":38,"column":4},"end":{"line":38,"column":29}},"16":{"start":{"line":39,"column":4},"end":{"line":39,"column":29}},"17":{"start":{"line":40,"column":4},"end":{"line":40,"column":36}},"18":{"start":{"line":41,"column":4},"end":{"line":41,"column":33}},"19":{"start":{"line":42,"column":4},"end":{"line":42,"column":19}},"20":{"start":{"line":43,"column":4},"end":{"line":43,"column":15}},"21":{"start":{"line":46,"column":4},"end":{"line":52,"column":7}},"22":{"start":{"line":47,"column":6},"end":{"line":51,"column":7}},"23":{"start":{"line":48,"column":8},"end":{"line":48,"column":19}},"24":{"start":{"line":49,"column":13},"end":{"line":51,"column":7}},"25":{"start":{"line":50,"column":8},"end":{"line":50,"column":23}},"26":{"start":{"line":55,"column":4},"end":{"line":58,"column":7}},"27":{"start":{"line":56,"column":6},"end":{"line":56,"column":55}},"28":{"start":{"line":57,"column":6},"end":{"line":57,"column":17}},"29":{"start":{"line":61,"column":4},"end":{"line":64,"column":7}},"30":{"start":{"line":62,"column":6},"end":{"line":62,"column":52}},"31":{"start":{"line":63,"column":6},"end":{"line":63,"column":17}},"32":{"start":{"line":66,"column":4},"end":{"line":68,"column":7}},"33":{"start":{"line":67,"column":6},"end":{"line":67,"column":44}},"34":{"start":{"line":70,"column":4},"end":{"line":70,"column":22}},"35":{"start":{"line":75,"column":2},"end":{"line":78,"column":3}},"36":{"start":{"line":76,"column":4},"end":{"line":76,"column":27}},"37":{"start":{"line":77,"column":4},"end":{"line":77,"column":11}},"38":{"start":{"line":80,"column":2},"end":{"line":87,"column":5}},"39":{"start":{"line":89,"column":2},"end":{"line":89,"column":43}},"40":{"start":{"line":90,"column":2},"end":{"line":90,"column":45}},"41":{"start":{"line":92,"column":2},"end":{"line":94,"column":5}},"42":{"start":{"line":93,"column":4},"end":{"line":93,"column":26}},"43":{"start":{"line":99,"column":2},"end":{"line":103,"column":5}},"44":{"start":{"line":100,"column":4},"end":{"line":102,"column":5}},"45":{"start":{"line":101,"column":6},"end":{"line":101,"column":57}},"46":{"start":{"line":107,"column":0},"end":{"line":110,"column":3}},"47":{"start":{"line":108,"column":2},"end":{"line":108,"column":51}},"48":{"start":{"line":109,"column":2},"end":{"line":109,"column":18}},"49":{"start":{"line":112,"column":0},"end":{"line":116,"column":3}},"50":{"start":{"line":113,"column":2},"end":{"line":115,"column":3}},"51":{"start":{"line":114,"column":4},"end":{"line":114,"column":15}},"52":{"start":{"line":118,"column":0},"end":{"line":122,"column":3}},"53":{"start":{"line":119,"column":2},"end":{"line":121,"column":3}},"54":{"start":{"line":120,"column":4},"end":{"line":120,"column":20}},"55":{"start":{"line":125,"column":0},"end":{"line":127,"column":3}},"56":{"start":{"line":126,"column":2},"end":{"line":126,"column":33}},"57":{"start":{"line":129,"column":0},"end":{"line":134,"column":2}}},"fnMap":{"0":{"name":"setupGPU","decl":{"start":{"line":5,"column":9},"end":{"line":5,"column":17}},"loc":{"start":{"line":5,"column":20},"end":{"line":10,"column":1}},"line":5},"1":{"name":"createWindows","decl":{"start":{"line":16,"column":9},"end":{"line":16,"column":22}},"loc":{"start":{"line":16,"column":25},"end":{"line":72,"column":1}},"line":16},"2":{"name":"(anonymous_2)","decl":{"start":{"line":22,"column":19},"end":{"line":22,"column":20}},"loc":{"start":{"line":22,"column":39},"end":{"line":71,"column":3}},"line":22},"3":{"name":"(anonymous_3)","decl":{"start":{"line":46,"column":45},"end":{"line":46,"column":46}},"loc":{"start":{"line":46,"column":63},"end":{"line":52,"column":5}},"line":46},"4":{"name":"(anonymous_4)","decl":{"start":{"line":55,"column":46},"end":{"line":55,"column":47}},"loc":{"start":{"line":55,"column":65},"end":{"line":58,"column":5}},"line":55},"5":{"name":"(anonymous_5)","decl":{"start":{"line":61,"column":46},"end":{"line":61,"column":47}},"loc":{"start":{"line":61,"column":66},"end":{"line":64,"column":5}},"line":61},"6":{"name":"(anonymous_6)","decl":{"start":{"line":66,"column":42},"end":{"line":66,"column":43}},"loc":{"start":{"line":66,"column":48},"end":{"line":68,"column":5}},"line":66},"7":{"name":"openSettings","decl":{"start":{"line":74,"column":9},"end":{"line":74,"column":21}},"loc":{"start":{"line":74,"column":24},"end":{"line":95,"column":1}},"line":74},"8":{"name":"(anonymous_8)","decl":{"start":{"line":92,"column":30},"end":{"line":92,"column":31}},"loc":{"start":{"line":92,"column":36},"end":{"line":94,"column":3}},"line":92},"9":{"name":"handleSettingsUpdate","decl":{"start":{"line":98,"column":9},"end":{"line":98,"column":29}},"loc":{"start":{"line":98,"column":40},"end":{"line":104,"column":1}},"line":98},"10":{"name":"(anonymous_10)","decl":{"start":{"line":99,"column":18},"end":{"line":99,"column":19}},"loc":{"start":{"line":99,"column":25},"end":{"line":103,"column":3}},"line":99},"11":{"name":"(anonymous_11)","decl":{"start":{"line":107,"column":21},"end":{"line":107,"column":22}},"loc":{"start":{"line":107,"column":27},"end":{"line":110,"column":1}},"line":107},"12":{"name":"(anonymous_12)","decl":{"start":{"line":112,"column":28},"end":{"line":112,"column":29}},"loc":{"start":{"line":112,"column":34},"end":{"line":116,"column":1}},"line":112},"13":{"name":"(anonymous_13)","decl":{"start":{"line":118,"column":19},"end":{"line":118,"column":20}},"loc":{"start":{"line":118,"column":25},"end":{"line":122,"column":1}},"line":118},"14":{"name":"(anonymous_14)","decl":{"start":{"line":125,"column":30},"end":{"line":125,"column":31}},"loc":{"start":{"line":125,"column":51},"end":{"line":127,"column":1}},"line":125}},"branchMap":{"0":{"loc":{"start":{"line":47,"column":6},"end":{"line":51,"column":7}},"type":"if","locations":[{"start":{"line":47,"column":6},"end":{"line":51,"column":7}},{"start":{"line":49,"column":13},"end":{"line":51,"column":7}}],"line":47},"1":{"loc":{"start":{"line":49,"column":13},"end":{"line":51,"column":7}},"type":"if","locations":[{"start":{"line":49,"column":13},"end":{"line":51,"column":7}},{"start":{},"end":{}}],"line":49},"2":{"loc":{"start":{"line":49,"column":17},"end":{"line":49,"column":55}},"type":"binary-expr","locations":[{"start":{"line":49,"column":17},"end":{"line":49,"column":34}},{"start":{"line":49,"column":38},"end":{"line":49,"column":55}}],"line":49},"3":{"loc":{"start":{"line":75,"column":2},"end":{"line":78,"column":3}},"type":"if","locations":[{"start":{"line":75,"column":2},"end":{"line":78,"column":3}},{"start":{},"end":{}}],"line":75},"4":{"loc":{"start":{"line":100,"column":4},"end":{"line":102,"column":5}},"type":"if","locations":[{"start":{"line":100,"column":4},"end":{"line":102,"column":5}},{"start":{},"end":{}}],"line":100},"5":{"loc":{"start":{"line":113,"column":2},"end":{"line":115,"column":3}},"type":"if","locations":[{"start":{"line":113,"column":2},"end":{"line":115,"column":3}},{"start":{},"end":{}}],"line":113},"6":{"loc":{"start":{"line":119,"column":2},"end":{"line":121,"column":3}},"type":"if","locations":[{"start":{"line":119,"column":2},"end":{"line":121,"column":3}},{"start":{},"end":{}}],"line":119}},"s":{"0":0,"1":0,"2":0,"3":0,"4":0,"5":0,"6":0,"7":0,"8":0,"9":0,"10":0,"11":0,"12":0,"13":0,"14":0,"15":0,"16":0,"17":0,"18":0,"19":0,"20":0,"21":0,"22":0,"23":0,"24":0,"25":0,"26":0,"27":0,"28":0,"29":0,"30":0,"31":0,"32":0,"33":0,"34":0,"35":0,"36":0,"37":0,"38":0,"39":0,"40":0,"41":0,"42":0,"43":0,"44":0,"45":0,"46":0,"47":0,"48":0,"49":0,"50":0,"51":0,"52":0,"53":0,"54":0,"55":0,"56":0,"57":0},"f":{"0":0,"1":0,"2":0,"3":0,"4":0,"5":0,"6":0,"7":0,"8":0,"9":0,"10":0,"11":0,"12":0,"13":0,"14":0},"b":{"0":[0,0],"1":[0,0],"2":[0,0],"3":[0,0],"4":[0,0],"5":[0,0],"6":[0,0]}}
,"C:\\github\\blackout-screens\\matrix.js": {"path":"C:\\github\\blackout-screens\\matrix.js","statementMap":{"0":{"start":{"line":1,"column":24},"end":{"line":1,"column":43}},"1":{"start":{"line":3,"column":17},"end":{"line":8,"column":1}},"2":{"start":{"line":11,"column":18},"end":{"line":11,"column":54}},"3":{"start":{"line":14,"column":2},"end":{"line":14,"column":27}},"4":{"start":{"line":15,"column":18},"end":{"line":15,"column":67}},"5":{"start":{"line":17,"column":2},"end":{"line":32,"column":3}},"6":{"start":{"line":17,"column":15},"end":{"line":17,"column":16}},"7":{"start":{"line":18,"column":19},"end":{"line":18,"column":48}},"8":{"start":{"line":19,"column":4},"end":{"line":19,"column":42}},"9":{"start":{"line":21,"column":18},"end":{"line":21,"column":71}},"10":{"start":{"line":22,"column":4},"end":{"line":29,"column":5}},"11":{"start":{"line":22,"column":17},"end":{"line":22,"column":18}},"12":{"start":{"line":23,"column":19},"end":{"line":23,"column":48}},"13":{"start":{"line":24,"column":6},"end":{"line":24,"column":40}},"14":{"start":{"line":25,"column":6},"end":{"line":25,"column":83}},"15":{"start":{"line":26,"column":6},"end":{"line":26,"column":82}},"16":{"start":{"line":27,"column":6},"end":{"line":27,"column":41}},"17":{"start":{"line":28,"column":6},"end":{"line":28,"column":31}},"18":{"start":{"line":31,"column":4},"end":{"line":31,"column":34}},"19":{"start":{"line":34,"column":2},"end":{"line":34,"column":12}},"20":{"start":{"line":38,"column":16},"end":{"line":38,"column":57}},"21":{"start":{"line":39,"column":2},"end":{"line":39,"column":41}},"22":{"start":{"line":40,"column":2},"end":{"line":40,"column":50}},"23":{"start":{"line":44,"column":13},"end":{"line":44,"column":63}},"24":{"start":{"line":45,"column":2},"end":{"line":45,"column":25}},"25":{"start":{"line":47,"column":2},"end":{"line":50,"column":3}},"26":{"start":{"line":48,"column":4},"end":{"line":48,"column":13}},"27":{"start":{"line":49,"column":4},"end":{"line":49,"column":39}},"28":{"start":{"line":52,"column":2},"end":{"line":52,"column":49}},"29":{"start":{"line":56,"column":16},"end":{"line":56,"column":51}},"30":{"start":{"line":57,"column":2},"end":{"line":57,"column":57}},"31":{"start":{"line":61,"column":17},"end":{"line":61,"column":70}},"32":{"start":{"line":62,"column":2},"end":{"line":64,"column":16}},"33":{"start":{"line":67,"column":0},"end":{"line":78,"column":3}},"34":{"start":{"line":68,"column":2},"end":{"line":68,"column":39}},"35":{"start":{"line":70,"column":2},"end":{"line":77,"column":3}},"36":{"start":{"line":71,"column":4},"end":{"line":71,"column":17}},"37":{"start":{"line":73,"column":18},"end":{"line":73,"column":59}},"38":{"start":{"line":74,"column":4},"end":{"line":76,"column":7}},"39":{"start":{"line":75,"column":6},"end":{"line":75,"column":82}},"40":{"start":{"line":80,"column":0},"end":{"line":82,"column":3}},"41":{"start":{"line":81,"column":2},"end":{"line":81,"column":39}},"42":{"start":{"line":84,"column":0},"end":{"line":90,"column":2}}},"fnMap":{"0":{"name":"initMatrix","decl":{"start":{"line":13,"column":9},"end":{"line":13,"column":19}},"loc":{"start":{"line":13,"column":22},"end":{"line":35,"column":1}},"line":13},"1":{"name":"animate","decl":{"start":{"line":37,"column":9},"end":{"line":37,"column":16}},"loc":{"start":{"line":37,"column":19},"end":{"line":41,"column":1}},"line":37},"2":{"name":"updateCharacterPosition","decl":{"start":{"line":43,"column":9},"end":{"line":43,"column":32}},"loc":{"start":{"line":43,"column":39},"end":{"line":53,"column":1}},"line":43},"3":{"name":"getRandomChar","decl":{"start":{"line":55,"column":9},"end":{"line":55,"column":22}},"loc":{"start":{"line":55,"column":25},"end":{"line":58,"column":1}},"line":55},"4":{"name":"hexToRgb","decl":{"start":{"line":60,"column":9},"end":{"line":60,"column":17}},"loc":{"start":{"line":60,"column":23},"end":{"line":65,"column":1}},"line":60},"5":{"name":"(anonymous_5)","decl":{"start":{"line":67,"column":35},"end":{"line":67,"column":36}},"loc":{"start":{"line":67,"column":59},"end":{"line":78,"column":1}},"line":67},"6":{"name":"(anonymous_6)","decl":{"start":{"line":74,"column":18},"end":{"line":74,"column":19}},"loc":{"start":{"line":74,"column":26},"end":{"line":76,"column":5}},"line":74},"7":{"name":"(anonymous_7)","decl":{"start":{"line":80,"column":34},"end":{"line":80,"column":35}},"loc":{"start":{"line":80,"column":40},"end":{"line":82,"column":1}},"line":80}},"branchMap":{"0":{"loc":{"start":{"line":47,"column":2},"end":{"line":50,"column":3}},"type":"if","locations":[{"start":{"line":47,"column":2},"end":{"line":50,"column":3}},{"start":{},"end":{}}],"line":47},"1":{"loc":{"start":{"line":62,"column":9},"end":{"line":64,"column":15}},"type":"cond-expr","locations":[{"start":{"line":63,"column":4},"end":{"line":63,"column":88}},{"start":{"line":64,"column":4},"end":{"line":64,"column":15}}],"line":62},"2":{"loc":{"start":{"line":70,"column":2},"end":{"line":77,"column":3}},"type":"if","locations":[{"start":{"line":70,"column":2},"end":{"line":77,"column":3}},{"start":{"line":72,"column":9},"end":{"line":77,"column":3}}],"line":70}},"s":{"0":0,"1":0,"2":0,"3":0,"4":0,"5":0,"6":0,"7":0,"8":0,"9":0,"10":0,"11":0,"12":0,"13":0,"14":0,"15":0,"16":0,"17":0,"18":0,"19":0,"20":0,"21":0,"22":0,"23":0,"24":0,"25":0,"26":0,"27":0,"28":0,"29":0,"30":0,"31":0,"32":0,"33":0,"34":0,"35":0,"36":0,"37":0,"38":0,"39":0,"40":0,"41":0,"42":0},"f":{"0":0,"1":0,"2":0,"3":0,"4":0,"5":0,"6":0,"7":0},"b":{"0":[0,0],"1":[0,0],"2":[0,0]}}
,"C:\\github\\blackout-screens\\settings.js": {"path":"C:\\github\\blackout-screens\\settings.js","statementMap":{"0":{"start":{"line":1,"column":24},"end":{"line":1,"column":43}},"1":{"start":{"line":3,"column":24},"end":{"line":8,"column":1}},"2":{"start":{"line":10,"column":22},"end":{"line":10,"column":44}},"3":{"start":{"line":13,"column":21},"end":{"line":13,"column":53}},"4":{"start":{"line":14,"column":24},"end":{"line":14,"column":59}},"5":{"start":{"line":15,"column":21},"end":{"line":15,"column":53}},"6":{"start":{"line":16,"column":23},"end":{"line":16,"column":57}},"7":{"start":{"line":19,"column":2},"end":{"line":19,"column":43}},"8":{"start":{"line":20,"column":2},"end":{"line":20,"column":49}},"9":{"start":{"line":21,"column":2},"end":{"line":21,"column":43}},"10":{"start":{"line":22,"column":2},"end":{"line":22,"column":47}},"11":{"start":{"line":25,"column":2},"end":{"line":25,"column":33}},"12":{"start":{"line":26,"column":2},"end":{"line":26,"column":36}},"13":{"start":{"line":29,"column":2},"end":{"line":29,"column":58}},"14":{"start":{"line":30,"column":2},"end":{"line":30,"column":61}},"15":{"start":{"line":31,"column":2},"end":{"line":31,"column":59}},"16":{"start":{"line":32,"column":2},"end":{"line":32,"column":60}},"17":{"start":{"line":35,"column":2},"end":{"line":35,"column":93}},"18":{"start":{"line":35,"column":69},"end":{"line":35,"column":91}},"19":{"start":{"line":36,"column":2},"end":{"line":36,"column":91}},"20":{"start":{"line":36,"column":68},"end":{"line":36,"column":89}},"21":{"start":{"line":37,"column":2},"end":{"line":37,"column":91}},"22":{"start":{"line":37,"column":68},"end":{"line":37,"column":89}},"23":{"start":{"line":40,"column":2},"end":{"line":40,"column":76}},"24":{"start":{"line":44,"column":24},"end":{"line":44,"column":36}},"25":{"start":{"line":45,"column":2},"end":{"line":45,"column":51}},"26":{"start":{"line":47,"column":2},"end":{"line":49,"column":3}},"27":{"start":{"line":48,"column":4},"end":{"line":48,"column":37}},"28":{"start":{"line":51,"column":2},"end":{"line":51,"column":55}},"29":{"start":{"line":55,"column":18},"end":{"line":55,"column":69}},"30":{"start":{"line":56,"column":2},"end":{"line":58,"column":3}},"31":{"start":{"line":57,"column":4},"end":{"line":57,"column":85}},"32":{"start":{"line":62,"column":2},"end":{"line":82,"column":3}},"33":{"start":{"line":64,"column":6},"end":{"line":64,"column":47}},"34":{"start":{"line":65,"column":6},"end":{"line":65,"column":12}},"35":{"start":{"line":67,"column":6},"end":{"line":72,"column":8}},"36":{"start":{"line":73,"column":6},"end":{"line":73,"column":12}},"37":{"start":{"line":75,"column":6},"end":{"line":80,"column":8}},"38":{"start":{"line":81,"column":6},"end":{"line":81,"column":12}},"39":{"start":{"line":85,"column":2},"end":{"line":93,"column":5}},"40":{"start":{"line":86,"column":18},"end":{"line":86,"column":46}},"41":{"start":{"line":87,"column":4},"end":{"line":92,"column":5}},"42":{"start":{"line":88,"column":6},"end":{"line":88,"column":26}},"43":{"start":{"line":89,"column":6},"end":{"line":91,"column":7}},"44":{"start":{"line":90,"column":8},"end":{"line":90,"column":34}},"45":{"start":{"line":95,"column":2},"end":{"line":95,"column":55}},"46":{"start":{"line":99,"column":2},"end":{"line":99,"column":43}},"47":{"start":{"line":102,"column":2},"end":{"line":110,"column":5}},"48":{"start":{"line":103,"column":18},"end":{"line":103,"column":46}},"49":{"start":{"line":104,"column":4},"end":{"line":109,"column":5}},"50":{"start":{"line":105,"column":6},"end":{"line":105,"column":26}},"51":{"start":{"line":106,"column":6},"end":{"line":108,"column":7}},"52":{"start":{"line":107,"column":8},"end":{"line":107,"column":34}},"53":{"start":{"line":112,"column":2},"end":{"line":112,"column":55}},"54":{"start":{"line":115,"column":0},"end":{"line":123,"column":2}}},"fnMap":{"0":{"name":"init","decl":{"start":{"line":12,"column":9},"end":{"line":12,"column":13}},"loc":{"start":{"line":12,"column":16},"end":{"line":41,"column":1}},"line":12},"1":{"name":"(anonymous_1)","decl":{"start":{"line":35,"column":63},"end":{"line":35,"column":64}},"loc":{"start":{"line":35,"column":69},"end":{"line":35,"column":91}},"line":35},"2":{"name":"(anonymous_2)","decl":{"start":{"line":36,"column":62},"end":{"line":36,"column":63}},"loc":{"start":{"line":36,"column":68},"end":{"line":36,"column":89}},"line":36},"3":{"name":"(anonymous_3)","decl":{"start":{"line":37,"column":62},"end":{"line":37,"column":63}},"loc":{"start":{"line":37,"column":68},"end":{"line":37,"column":89}},"line":37},"4":{"name":"handleInputChange","decl":{"start":{"line":43,"column":9},"end":{"line":43,"column":26}},"loc":{"start":{"line":43,"column":34},"end":{"line":52,"column":1}},"line":43},"5":{"name":"updateValueDisplay","decl":{"start":{"line":54,"column":9},"end":{"line":54,"column":27}},"loc":{"start":{"line":54,"column":35},"end":{"line":59,"column":1}},"line":54},"6":{"name":"applyPreset","decl":{"start":{"line":61,"column":9},"end":{"line":61,"column":20}},"loc":{"start":{"line":61,"column":27},"end":{"line":96,"column":1}},"line":61},"7":{"name":"(anonymous_7)","decl":{"start":{"line":85,"column":42},"end":{"line":85,"column":43}},"loc":{"start":{"line":85,"column":60},"end":{"line":93,"column":3}},"line":85},"8":{"name":"resetSettings","decl":{"start":{"line":98,"column":9},"end":{"line":98,"column":22}},"loc":{"start":{"line":98,"column":25},"end":{"line":113,"column":1}},"line":98},"9":{"name":"(anonymous_9)","decl":{"start":{"line":102,"column":42},"end":{"line":102,"column":43}},"loc":{"start":{"line":102,"column":60},"end":{"line":110,"column":3}},"line":102}},"branchMap":{"0":{"loc":{"start":{"line":45,"column":24},"end":{"line":45,"column":50}},"type":"binary-expr","locations":[{"start":{"line":45,"column":24},"end":{"line":45,"column":41}},{"start":{"line":45,"column":45},"end":{"line":45,"column":50}}],"line":45},"1":{"loc":{"start":{"line":47,"column":2},"end":{"line":49,"column":3}},"type":"if","locations":[{"start":{"line":47,"column":2},"end":{"line":49,"column":3}},{"start":{},"end":{}}],"line":47},"2":{"loc":{"start":{"line":56,"column":2},"end":{"line":58,"column":3}},"type":"if","locations":[{"start":{"line":56,"column":2},"end":{"line":58,"column":3}},{"start":{},"end":{}}],"line":56},"3":{"loc":{"start":{"line":57,"column":26},"end":{"line":57,"column":84}},"type":"cond-expr","locations":[{"start":{"line":57,"column":52},"end":{"line":57,"column":70}},{"start":{"line":57,"column":73},"end":{"line":57,"column":84}}],"line":57},"4":{"loc":{"start":{"line":62,"column":2},"end":{"line":82,"column":3}},"type":"switch","locations":[{"start":{"line":63,"column":4},"end":{"line":65,"column":12}},{"start":{"line":66,"column":4},"end":{"line":73,"column":12}},{"start":{"line":74,"column":4},"end":{"line":81,"column":12}}],"line":62},"5":{"loc":{"start":{"line":87,"column":4},"end":{"line":92,"column":5}},"type":"if","locations":[{"start":{"line":87,"column":4},"end":{"line":92,"column":5}},{"start":{},"end":{}}],"line":87},"6":{"loc":{"start":{"line":89,"column":6},"end":{"line":91,"column":7}},"type":"if","locations":[{"start":{"line":89,"column":6},"end":{"line":91,"column":7}},{"start":{},"end":{}}],"line":89},"7":{"loc":{"start":{"line":104,"column":4},"end":{"line":109,"column":5}},"type":"if","locations":[{"start":{"line":104,"column":4},"end":{"line":109,"column":5}},{"start":{},"end":{}}],"line":104},"8":{"loc":{"start":{"line":106,"column":6},"end":{"line":108,"column":7}},"type":"if","locations":[{"start":{"line":106,"column":6},"end":{"line":108,"column":7}},{"start":{},"end":{}}],"line":106}},"s":{"0":0,"1":0,"2":0,"3":0,"4":0,"5":0,"6":0,"7":0,"8":0,"9":0,"10":0,"11":0,"12":0,"13":0,"14":0,"15":0,"16":0,"17":0,"18":0,"19":0,"20":0,"21":0,"22":0,"23":0,"24":0,"25":0,"26":0,"27":0,"28":0,"29":0,"30":0,"31":0,"32":0,"33":0,"34":0,"35":0,"36":0,"37":0,"38":0,"39":0,"40":0,"41":0,"42":0,"43":0,"44":0,"45":0,"46":0,"47":0,"48":0,"49":0,"50":0,"51":0,"52":0,"53":0,"54":0},"f":{"0":0,"1":0,"2":0,"3":0,"4":0,"5":0,"6":0,"7":0,"8":0,"9":0},"b":{"0":[0,0],"1":[0,0],"2":[0,0],"3":[0,0],"4":[0,0,0],"5":[0,0],"6":[0,0],"7":[0,0],"8":[0,0]}}
}
